<?xml version="1.0" encoding="UTF-8"?>
<!-- Generated by org.testng.reporters.JUnitXMLReporter -->
<testsuite ignored="0" hostname="LTIN188503" failures="0" tests="4" name="Test" time="38.843" errors="0" timestamp="2020-07-16T09:59:15 IST">
  <testcase classname="FirstTestng.MyTestng" name="launchurl" time="12.158"/>
  <testcase classname="FirstTestng.MyTestng" name="Tabmenuselection" time="6.613"/>
  <testcase classname="FirstTestng.MyTestng" name="searchbox" time="7.826"/>
  <testcase classname="FirstTestng.MyTestng" name="selectvalue" time="2.938"/>
</testsuite> <!-- Test -->
