<?xml version="1.0" encoding="UTF-8"?>
<!-- Generated by org.testng.reporters.JUnitXMLReporter -->
<testsuite ignored="0" hostname="LTIN188503" failures="0" tests="4" name="Default test" time="43.172" errors="0" timestamp="2020-07-16T10:06:09 IST">
  <testcase classname="FirstTestng.MyTestng" name="launchurl" time="14.098"/>
  <testcase classname="FirstTestng.MyTestng" name="Tabmenuselection" time="5.922"/>
  <testcase classname="FirstTestng.MyTestng" name="searchbox" time="8.51"/>
  <testcase classname="FirstTestng.MyTestng" name="selectvalue" time="5.961"/>
</testsuite> <!-- Default test -->
